<?xml version="1.0" encoding="UTF-8"?>
<robot generator="Robot 6.0.2 (Python 3.8.6 on win32)" generated="20230709 18:28:09.635" rpa="false" schemaversion="3">
<suite id="s1" name="Test Web IXL Learning" source="D:\Python Automation\IXL_Learning_Automation\testCases\Test_Web_IXL_Learning.robot">
<test id="s1-t1" name="IXL-111: Validate IXL Learning" line="19">
<kw name="Setup browser" library="Page_object_IXL_Learning_web" type="SETUP">
<kw name="Set Selenium Timeout" library="SeleniumLibrary">
<arg>${UI_TIMEOUT}s</arg>
<doc>Sets the timeout that is used by various keywords.</doc>
<status status="PASS" starttime="20230709 18:28:09.896" endtime="20230709 18:28:09.896"/>
</kw>
<kw name="Open Browser" library="SeleniumLibrary">
<arg>${login_url}</arg>
<arg>browser=${BROWSER}</arg>
<doc>Opens a new browser instance to the optional ``url``.</doc>
<msg timestamp="20230709 18:28:09.897" level="INFO">Opening browser 'chrome' to base url 'https://in.ixl.com'.</msg>
<msg timestamp="20230709 18:28:09.905" level="INFO">Applicable driver not found; attempting to install with Selenium Manager (Beta)</msg>
<status status="PASS" starttime="20230709 18:28:09.897" endtime="20230709 18:28:23.828"/>
</kw>
<kw name="Maximize Browser Window" library="SeleniumLibrary">
<doc>Maximizes current browser window.</doc>
<status status="PASS" starttime="20230709 18:28:23.828" endtime="20230709 18:28:23.950"/>
</kw>
<status status="PASS" starttime="20230709 18:28:09.896" endtime="20230709 18:28:23.950"/>
</kw>
<kw name="Verify the IXL Dashboard page is visible" library="Page_object_IXL_Learning_web">
<kw name="Wait Until Element Is Visible" library="SeleniumLibrary">
<arg>${dashboard_page}</arg>
<doc>Waits until the element ``locator`` is visible.</doc>
<status status="PASS" starttime="20230709 18:28:23.951" endtime="20230709 18:28:24.017"/>
</kw>
<kw name="Log out" library="Page_object_IXL_Learning_web">
<kw name="Close Browser" library="SeleniumLibrary">
<doc>Closes the current browser.</doc>
<status status="PASS" starttime="20230709 18:28:24.017" endtime="20230709 18:28:26.216"/>
</kw>
<status status="PASS" starttime="20230709 18:28:24.017" endtime="20230709 18:28:26.217"/>
</kw>
<status status="PASS" starttime="20230709 18:28:23.950" endtime="20230709 18:28:26.217"/>
</kw>
<kw name="Close Browser" library="SeleniumLibrary" type="TEARDOWN">
<doc>Closes the current browser.</doc>
<status status="PASS" starttime="20230709 18:28:26.218" endtime="20230709 18:28:26.218"/>
</kw>
<tag>Smoke</tag>
<status status="PASS" starttime="20230709 18:28:09.895" endtime="20230709 18:28:26.219"/>
</test>
<status status="PASS" starttime="20230709 18:28:09.637" endtime="20230709 18:28:26.223"/>
</suite>
<statistics>
<total>
<stat pass="1" fail="0" skip="0">All Tests</stat>
</total>
<tag>
<stat pass="1" fail="0" skip="0">Smoke</stat>
</tag>
<suite>
<stat pass="1" fail="0" skip="0" id="s1" name="Test Web IXL Learning">Test Web IXL Learning</stat>
</suite>
</statistics>
<errors>
</errors>
</robot>
