<?xml version="1.0" encoding="UTF-8"?>
<robot generator="Robot 6.0.1 (Python 3.8.6 on win32)" generated="20230709 17:51:41.437" rpa="false" schemaversion="3">
<suite id="s1" name="Test Web Login User" source="D:\Python Automation\Craferia_Automation\testCases\Test_Web_Login_User.robot">
<test id="s1-t1" name="CRAFERIA-111: Login to Craferia applicaiton" line="19">
<kw name="Setup browser" library="Page_object_craferia_web" type="SETUP">
<kw name="Set Selenium Timeout" library="SeleniumLibrary">
<arg>${UI_TIMEOUT}s</arg>
<doc>Sets the timeout that is used by various keywords.</doc>
<status status="PASS" starttime="20230709 17:51:41.830" endtime="20230709 17:51:41.830"/>
</kw>
<kw name="Open Browser" library="SeleniumLibrary">
<arg>${login_url}</arg>
<arg>browser=${BROWSER}</arg>
<doc>Opens a new browser instance to the optional ``url``.</doc>
<msg timestamp="20230709 17:51:41.831" level="INFO">Opening browser 'chrome' to base url 'https://www.craferia.com/my-account'.</msg>
<status status="PASS" starttime="20230709 17:51:41.831" endtime="20230709 17:51:51.009"/>
</kw>
<kw name="Maximize Browser Window" library="SeleniumLibrary">
<doc>Maximizes current browser window.</doc>
<status status="PASS" starttime="20230709 17:51:51.010" endtime="20230709 17:51:51.156"/>
</kw>
<status status="PASS" starttime="20230709 17:51:41.829" endtime="20230709 17:51:51.156"/>
</kw>
<kw name="Login as" library="Page_object_craferia_web">
<arg>${craferia_user_info['username']}</arg>
<arg>${craferia_user_info['password']}</arg>
<kw name="Click Element" library="SeleniumLibrary">
<arg>${craferia_username}</arg>
<doc>Click the element identified by ``locator``.</doc>
<msg timestamp="20230709 17:51:51.160" level="INFO">Clicking element '//input[@id='username']'.</msg>
<status status="PASS" starttime="20230709 17:51:51.158" endtime="20230709 17:51:51.250"/>
</kw>
<kw name="Input Text" library="SeleniumLibrary">
<arg>${craferia_username}</arg>
<arg>${username}</arg>
<doc>Types the given ``text`` into the text field identified by ``locator``.</doc>
<msg timestamp="20230709 17:51:51.253" level="INFO">Typing text 'automationpractic@gmail.com' into text field '//input[@id='username']'.</msg>
<status status="PASS" starttime="20230709 17:51:51.250" endtime="20230709 17:51:51.345"/>
</kw>
<kw name="Click Element" library="SeleniumLibrary">
<arg>${craferia_password}</arg>
<doc>Click the element identified by ``locator``.</doc>
<msg timestamp="20230709 17:51:51.346" level="INFO">Clicking element '//input[@id='password']'.</msg>
<status status="PASS" starttime="20230709 17:51:51.345" endtime="20230709 17:51:51.457"/>
</kw>
<kw name="Input Text" library="SeleniumLibrary">
<arg>${craferia_password}</arg>
<arg>${password}</arg>
<doc>Types the given ``text`` into the text field identified by ``locator``.</doc>
<msg timestamp="20230709 17:51:51.458" level="INFO">Typing text 'Test123@' into text field '//input[@id='password']'.</msg>
<status status="PASS" starttime="20230709 17:51:51.458" endtime="20230709 17:51:51.523"/>
</kw>
<kw name="Sleep" library="BuiltIn">
<arg>10s</arg>
<doc>Pauses the test executed for the given time.</doc>
<msg timestamp="20230709 17:52:01.525" level="INFO">Slept 10 seconds</msg>
<status status="PASS" starttime="20230709 17:51:51.523" endtime="20230709 17:52:01.526"/>
</kw>
<kw name="Click Element" library="SeleniumLibrary">
<arg>${login_button}</arg>
<doc>Click the element identified by ``locator``.</doc>
<msg timestamp="20230709 17:52:01.528" level="INFO">Clicking element '//button[@name='login']'.</msg>
<status status="PASS" starttime="20230709 17:52:01.527" endtime="20230709 17:52:08.082"/>
</kw>
<kw name="Wait Until Page Does Not Contain Element" library="SeleniumLibrary">
<arg>${login_button}</arg>
<doc>Waits until the element ``locator`` disappears from the current page.</doc>
<status status="PASS" starttime="20230709 17:52:08.082" endtime="20230709 17:52:08.092"/>
</kw>
<status status="PASS" starttime="20230709 17:51:51.157" endtime="20230709 17:52:08.092"/>
</kw>
<kw name="Verify the Craferia Dashboard page is visible" library="Page_object_craferia_web">
<kw name="Sleep" library="BuiltIn">
<arg>5s</arg>
<doc>Pauses the test executed for the given time.</doc>
<msg timestamp="20230709 17:52:13.101" level="INFO">Slept 5 seconds</msg>
<status status="PASS" starttime="20230709 17:52:08.092" endtime="20230709 17:52:13.101"/>
</kw>
<kw name="Wait Until Element Is Visible" library="SeleniumLibrary">
<arg>${dashboard_page}</arg>
<doc>Waits until the element ``locator`` is visible.</doc>
<status status="PASS" starttime="20230709 17:52:13.102" endtime="20230709 17:52:45.066"/>
</kw>
<status status="PASS" starttime="20230709 17:52:08.092" endtime="20230709 17:52:45.067"/>
</kw>
<kw name="Log out" library="Page_object_craferia_web">
<kw name="Close Browser" library="SeleniumLibrary">
<doc>Closes the current browser.</doc>
<status status="PASS" starttime="20230709 17:52:45.068" endtime="20230709 17:52:53.084"/>
</kw>
<status status="PASS" starttime="20230709 17:52:45.068" endtime="20230709 17:52:53.084"/>
</kw>
<kw name="Close Browser" library="SeleniumLibrary" type="TEARDOWN">
<doc>Closes the current browser.</doc>
<status status="PASS" starttime="20230709 17:52:53.085" endtime="20230709 17:52:53.085"/>
</kw>
<tag>Login</tag>
<tag>Smoke</tag>
<status status="PASS" starttime="20230709 17:51:41.828" endtime="20230709 17:52:53.085"/>
</test>
<status status="PASS" starttime="20230709 17:51:41.440" endtime="20230709 17:52:53.087"/>
</suite>
<statistics>
<total>
<stat pass="1" fail="0" skip="0">All Tests</stat>
</total>
<tag>
<stat pass="1" fail="0" skip="0">Login</stat>
<stat pass="1" fail="0" skip="0">Smoke</stat>
</tag>
<suite>
<stat pass="1" fail="0" skip="0" id="s1" name="Test Web Login User">Test Web Login User</stat>
</suite>
</statistics>
<errors>
</errors>
</robot>
